<?xml version="1.0" encoding="UTF-8"?>
<testng-results skipped="0" failed="0" ignored="0" total="1" passed="1">
  <reporter-output>
  </reporter-output>
  <suite name="All Test Suite" duration-ms="12014" started-at="2021-02-11T22:33:45Z" finished-at="2021-02-11T22:33:57Z">
    <groups>
    </groups>
    <test name="E:/Automation/MutipleEnvironment" duration-ms="12014" started-at="2021-02-11T22:33:45Z" finished-at="2021-02-11T22:33:57Z">
      <class name="Launch">
        <test-method status="PASS" signature="setUp()[pri:0, instance:Launch@13a57a3b]" name="setUp" is-config="true" duration-ms="11154" started-at="2021-02-11T22:33:45Z" finished-at="2021-02-11T22:33:56Z">
          <reporter-output>
          </reporter-output>
        </test-method> <!-- setUp -->
        <test-method status="PASS" signature="launchTheApplication()[pri:0, instance:Launch@13a57a3b]" name="launchTheApplication" duration-ms="3" started-at="2021-02-11T22:33:56Z" finished-at="2021-02-11T22:33:56Z">
          <reporter-output>
          </reporter-output>
        </test-method> <!-- launchTheApplication -->
        <test-method status="PASS" signature="tearDown()[pri:0, instance:Launch@13a57a3b]" name="tearDown" is-config="true" duration-ms="812" started-at="2021-02-11T22:33:56Z" finished-at="2021-02-11T22:33:57Z">
          <reporter-output>
          </reporter-output>
        </test-method> <!-- tearDown -->
      </class> <!-- Launch -->
    </test> <!-- E:/Automation/MutipleEnvironment -->
  </suite> <!-- All Test Suite -->
</testng-results>
